<?xml version="1.0" encoding="UTF-8"?>
<testsuite xmlns:xsi="http://www.w3.org/2001/XMLSchema-instance" xsi:noNamespaceSchemaLocation="https://maven.apache.org/surefire/maven-surefire-plugin/xsd/surefire-test-report-3.0.xsd" version="3.0" name="TestSuite" time="70.607" tests="27" errors="0" skipped="0" failures="0">
  <properties>
    <property name="java.specification.version" value="22"/>
    <property name="webdriver.chrome.driver" value="src/main/resources/chromedriver.exe"/>
    <property name="sun.cpu.isalist" value="amd64"/>
    <property name="sun.jnu.encoding" value="Cp1251"/>
    <property name="java.class.path" value="C:\Users\sveta\IdeaProjects\Aston_Java_TestNG\target\test-classes;C:\Users\sveta\IdeaProjects\Aston_Java_TestNG\target\classes;C:\Users\sveta\.m2\repository\org\testng\testng\7.10.2\testng-7.10.2.jar;C:\Users\sveta\.m2\repository\org\slf4j\slf4j-api\1.7.36\slf4j-api-1.7.36.jar;C:\Users\sveta\.m2\repository\com\beust\jcommander\1.82\jcommander-1.82.jar;C:\Users\sveta\.m2\repository\org\webjars\jquery\3.7.1\jquery-3.7.1.jar;C:\Users\sveta\.m2\repository\org\seleniumhq\selenium\selenium-java\3.141.59\selenium-java-3.141.59.jar;C:\Users\sveta\.m2\repository\org\seleniumhq\selenium\selenium-api\3.141.59\selenium-api-3.141.59.jar;C:\Users\sveta\.m2\repository\org\seleniumhq\selenium\selenium-chrome-driver\3.141.59\selenium-chrome-driver-3.141.59.jar;C:\Users\sveta\.m2\repository\org\seleniumhq\selenium\selenium-edge-driver\3.141.59\selenium-edge-driver-3.141.59.jar;C:\Users\sveta\.m2\repository\org\seleniumhq\selenium\selenium-firefox-driver\3.141.59\selenium-firefox-driver-3.141.59.jar;C:\Users\sveta\.m2\repository\org\seleniumhq\selenium\selenium-ie-driver\3.141.59\selenium-ie-driver-3.141.59.jar;C:\Users\sveta\.m2\repository\org\seleniumhq\selenium\selenium-opera-driver\3.141.59\selenium-opera-driver-3.141.59.jar;C:\Users\sveta\.m2\repository\org\seleniumhq\selenium\selenium-remote-driver\3.141.59\selenium-remote-driver-3.141.59.jar;C:\Users\sveta\.m2\repository\org\seleniumhq\selenium\selenium-safari-driver\3.141.59\selenium-safari-driver-3.141.59.jar;C:\Users\sveta\.m2\repository\org\seleniumhq\selenium\selenium-support\3.141.59\selenium-support-3.141.59.jar;C:\Users\sveta\.m2\repository\net\bytebuddy\byte-buddy\1.8.15\byte-buddy-1.8.15.jar;C:\Users\sveta\.m2\repository\org\apache\commons\commons-exec\1.3\commons-exec-1.3.jar;C:\Users\sveta\.m2\repository\com\google\guava\guava\25.0-jre\guava-25.0-jre.jar;C:\Users\sveta\.m2\repository\com\google\code\findbugs\jsr305\1.3.9\jsr305-1.3.9.jar;C:\Users\sveta\.m2\repository\org\checkerframework\checker-compat-qual\2.0.0\checker-compat-qual-2.0.0.jar;C:\Users\sveta\.m2\repository\com\google\errorprone\error_prone_annotations\2.1.3\error_prone_annotations-2.1.3.jar;C:\Users\sveta\.m2\repository\com\google\j2objc\j2objc-annotations\1.1\j2objc-annotations-1.1.jar;C:\Users\sveta\.m2\repository\org\codehaus\mojo\animal-sniffer-annotations\1.14\animal-sniffer-annotations-1.14.jar;C:\Users\sveta\.m2\repository\com\squareup\okhttp3\okhttp\3.11.0\okhttp-3.11.0.jar;C:\Users\sveta\.m2\repository\com\squareup\okio\okio\1.14.0\okio-1.14.0.jar;C:\Users\sveta\.m2\repository\org\apache\maven\plugins\maven-compiler-plugin\3.13.0\maven-compiler-plugin-3.13.0.jar;C:\Users\sveta\.m2\repository\org\apache\maven\shared\maven-shared-utils\3.4.2\maven-shared-utils-3.4.2.jar;C:\Users\sveta\.m2\repository\commons-io\commons-io\2.11.0\commons-io-2.11.0.jar;C:\Users\sveta\.m2\repository\org\apache\maven\shared\maven-shared-incremental\1.1\maven-shared-incremental-1.1.jar;C:\Users\sveta\.m2\repository\org\codehaus\plexus\plexus-java\1.2.0\plexus-java-1.2.0.jar;C:\Users\sveta\.m2\repository\org\ow2\asm\asm\9.6\asm-9.6.jar;C:\Users\sveta\.m2\repository\com\thoughtworks\qdox\qdox\2.0.3\qdox-2.0.3.jar;C:\Users\sveta\.m2\repository\org\codehaus\plexus\plexus-compiler-api\2.15.0\plexus-compiler-api-2.15.0.jar;C:\Users\sveta\.m2\repository\org\codehaus\plexus\plexus-compiler-manager\2.15.0\plexus-compiler-manager-2.15.0.jar;C:\Users\sveta\.m2\repository\javax\inject\javax.inject\1\javax.inject-1.jar;C:\Users\sveta\.m2\repository\org\codehaus\plexus\plexus-xml\3.0.0\plexus-xml-3.0.0.jar;C:\Users\sveta\.m2\repository\org\codehaus\plexus\plexus-compiler-javac\2.15.0\plexus-compiler-javac-2.15.0.jar;C:\Users\sveta\.m2\repository\org\codehaus\plexus\plexus-utils\4.0.0\plexus-utils-4.0.0.jar;C:\Users\sveta\.m2\repository\org\apache\logging\log4j\log4j-slf4j-impl\2.23.1\log4j-slf4j-impl-2.23.1.jar;C:\Users\sveta\.m2\repository\org\apache\logging\log4j\log4j-api\2.23.1\log4j-api-2.23.1.jar;C:\Users\sveta\.m2\repository\org\apache\logging\log4j\log4j-core\2.23.1\log4j-core-2.23.1.jar;C:\Users\sveta\.m2\repository\io\rest-assured\rest-assured\4.4.0\rest-assured-4.4.0.jar;C:\Users\sveta\.m2\repository\org\codehaus\groovy\groovy\3.0.8\groovy-3.0.8.jar;C:\Users\sveta\.m2\repository\org\codehaus\groovy\groovy-xml\3.0.8\groovy-xml-3.0.8.jar;C:\Users\sveta\.m2\repository\org\apache\httpcomponents\httpclient\4.5.13\httpclient-4.5.13.jar;C:\Users\sveta\.m2\repository\org\apache\httpcomponents\httpcore\4.4.13\httpcore-4.4.13.jar;C:\Users\sveta\.m2\repository\commons-logging\commons-logging\1.2\commons-logging-1.2.jar;C:\Users\sveta\.m2\repository\commons-codec\commons-codec\1.11\commons-codec-1.11.jar;C:\Users\sveta\.m2\repository\org\apache\httpcomponents\httpmime\4.5.13\httpmime-4.5.13.jar;C:\Users\sveta\.m2\repository\org\hamcrest\hamcrest\2.1\hamcrest-2.1.jar;C:\Users\sveta\.m2\repository\org\ccil\cowan\tagsoup\tagsoup\1.2.1\tagsoup-1.2.1.jar;C:\Users\sveta\.m2\repository\io\rest-assured\json-path\4.4.0\json-path-4.4.0.jar;C:\Users\sveta\.m2\repository\org\codehaus\groovy\groovy-json\3.0.8\groovy-json-3.0.8.jar;C:\Users\sveta\.m2\repository\io\rest-assured\rest-assured-common\4.4.0\rest-assured-common-4.4.0.jar;C:\Users\sveta\.m2\repository\io\rest-assured\xml-path\4.4.0\xml-path-4.4.0.jar;C:\Users\sveta\.m2\repository\org\apache\commons\commons-lang3\3.11\commons-lang3-3.11.jar;C:\Users\sveta\.m2\repository\jakarta\xml\bind\jakarta.xml.bind-api\2.3.3\jakarta.xml.bind-api-2.3.3.jar;C:\Users\sveta\.m2\repository\jakarta\activation\jakarta.activation-api\1.2.2\jakarta.activation-api-1.2.2.jar;C:\Users\sveta\.m2\repository\com\sun\xml\bind\jaxb-impl\2.3.3\jaxb-impl-2.3.3.jar;C:\Users\sveta\.m2\repository\io\qameta\allure\allure-testng\2.18.1\allure-testng-2.18.1.jar;C:\Users\sveta\.m2\repository\io\qameta\allure\allure-java-commons\2.18.1\allure-java-commons-2.18.1.jar;C:\Users\sveta\.m2\repository\io\qameta\allure\allure-model\2.18.1\allure-model-2.18.1.jar;C:\Users\sveta\.m2\repository\io\qameta\allure\allure-test-filter\2.18.1\allure-test-filter-2.18.1.jar;"/>
    <property name="java.vm.vendor" value="Oracle Corporation"/>
    <property name="sun.arch.data.model" value="64"/>
    <property name="user.variant" value=""/>
    <property name="java.vendor.url" value="https://java.oracle.com/"/>
    <property name="user.timezone" value="Europe/Moscow"/>
    <property name="user.country.format" value="BY"/>
    <property name="os.name" value="Windows 11"/>
    <property name="java.vm.specification.version" value="22"/>
    <property name="webdriver.chrome.silentOutput" value="true"/>
    <property name="sun.java.launcher" value="SUN_STANDARD"/>
    <property name="user.country" value="RU"/>
    <property name="sun.boot.library.path" value="C:\Program Files\Java\jdk-22\bin"/>
    <property name="sun.java.command" value="C:\Users\sveta\AppData\Local\Temp\surefire3874760456473329605\surefirebooter-20240624234707633_3.jar C:\Users\sveta\AppData\Local\Temp\surefire3874760456473329605 2024-06-24T23-47-07_527-jvmRun1 surefire-20240624234707633_1tmp surefire_0-20240624234707633_2tmp"/>
    <property name="jdk.debug" value="release"/>
    <property name="surefire.test.class.path" value="C:\Users\sveta\IdeaProjects\Aston_Java_TestNG\target\test-classes;C:\Users\sveta\IdeaProjects\Aston_Java_TestNG\target\classes;C:\Users\sveta\.m2\repository\org\testng\testng\7.10.2\testng-7.10.2.jar;C:\Users\sveta\.m2\repository\org\slf4j\slf4j-api\1.7.36\slf4j-api-1.7.36.jar;C:\Users\sveta\.m2\repository\com\beust\jcommander\1.82\jcommander-1.82.jar;C:\Users\sveta\.m2\repository\org\webjars\jquery\3.7.1\jquery-3.7.1.jar;C:\Users\sveta\.m2\repository\org\seleniumhq\selenium\selenium-java\3.141.59\selenium-java-3.141.59.jar;C:\Users\sveta\.m2\repository\org\seleniumhq\selenium\selenium-api\3.141.59\selenium-api-3.141.59.jar;C:\Users\sveta\.m2\repository\org\seleniumhq\selenium\selenium-chrome-driver\3.141.59\selenium-chrome-driver-3.141.59.jar;C:\Users\sveta\.m2\repository\org\seleniumhq\selenium\selenium-edge-driver\3.141.59\selenium-edge-driver-3.141.59.jar;C:\Users\sveta\.m2\repository\org\seleniumhq\selenium\selenium-firefox-driver\3.141.59\selenium-firefox-driver-3.141.59.jar;C:\Users\sveta\.m2\repository\org\seleniumhq\selenium\selenium-ie-driver\3.141.59\selenium-ie-driver-3.141.59.jar;C:\Users\sveta\.m2\repository\org\seleniumhq\selenium\selenium-opera-driver\3.141.59\selenium-opera-driver-3.141.59.jar;C:\Users\sveta\.m2\repository\org\seleniumhq\selenium\selenium-remote-driver\3.141.59\selenium-remote-driver-3.141.59.jar;C:\Users\sveta\.m2\repository\org\seleniumhq\selenium\selenium-safari-driver\3.141.59\selenium-safari-driver-3.141.59.jar;C:\Users\sveta\.m2\repository\org\seleniumhq\selenium\selenium-support\3.141.59\selenium-support-3.141.59.jar;C:\Users\sveta\.m2\repository\net\bytebuddy\byte-buddy\1.8.15\byte-buddy-1.8.15.jar;C:\Users\sveta\.m2\repository\org\apache\commons\commons-exec\1.3\commons-exec-1.3.jar;C:\Users\sveta\.m2\repository\com\google\guava\guava\25.0-jre\guava-25.0-jre.jar;C:\Users\sveta\.m2\repository\com\google\code\findbugs\jsr305\1.3.9\jsr305-1.3.9.jar;C:\Users\sveta\.m2\repository\org\checkerframework\checker-compat-qual\2.0.0\checker-compat-qual-2.0.0.jar;C:\Users\sveta\.m2\repository\com\google\errorprone\error_prone_annotations\2.1.3\error_prone_annotations-2.1.3.jar;C:\Users\sveta\.m2\repository\com\google\j2objc\j2objc-annotations\1.1\j2objc-annotations-1.1.jar;C:\Users\sveta\.m2\repository\org\codehaus\mojo\animal-sniffer-annotations\1.14\animal-sniffer-annotations-1.14.jar;C:\Users\sveta\.m2\repository\com\squareup\okhttp3\okhttp\3.11.0\okhttp-3.11.0.jar;C:\Users\sveta\.m2\repository\com\squareup\okio\okio\1.14.0\okio-1.14.0.jar;C:\Users\sveta\.m2\repository\org\apache\maven\plugins\maven-compiler-plugin\3.13.0\maven-compiler-plugin-3.13.0.jar;C:\Users\sveta\.m2\repository\org\apache\maven\shared\maven-shared-utils\3.4.2\maven-shared-utils-3.4.2.jar;C:\Users\sveta\.m2\repository\commons-io\commons-io\2.11.0\commons-io-2.11.0.jar;C:\Users\sveta\.m2\repository\org\apache\maven\shared\maven-shared-incremental\1.1\maven-shared-incremental-1.1.jar;C:\Users\sveta\.m2\repository\org\codehaus\plexus\plexus-java\1.2.0\plexus-java-1.2.0.jar;C:\Users\sveta\.m2\repository\org\ow2\asm\asm\9.6\asm-9.6.jar;C:\Users\sveta\.m2\repository\com\thoughtworks\qdox\qdox\2.0.3\qdox-2.0.3.jar;C:\Users\sveta\.m2\repository\org\codehaus\plexus\plexus-compiler-api\2.15.0\plexus-compiler-api-2.15.0.jar;C:\Users\sveta\.m2\repository\org\codehaus\plexus\plexus-compiler-manager\2.15.0\plexus-compiler-manager-2.15.0.jar;C:\Users\sveta\.m2\repository\javax\inject\javax.inject\1\javax.inject-1.jar;C:\Users\sveta\.m2\repository\org\codehaus\plexus\plexus-xml\3.0.0\plexus-xml-3.0.0.jar;C:\Users\sveta\.m2\repository\org\codehaus\plexus\plexus-compiler-javac\2.15.0\plexus-compiler-javac-2.15.0.jar;C:\Users\sveta\.m2\repository\org\codehaus\plexus\plexus-utils\4.0.0\plexus-utils-4.0.0.jar;C:\Users\sveta\.m2\repository\org\apache\logging\log4j\log4j-slf4j-impl\2.23.1\log4j-slf4j-impl-2.23.1.jar;C:\Users\sveta\.m2\repository\org\apache\logging\log4j\log4j-api\2.23.1\log4j-api-2.23.1.jar;C:\Users\sveta\.m2\repository\org\apache\logging\log4j\log4j-core\2.23.1\log4j-core-2.23.1.jar;C:\Users\sveta\.m2\repository\io\rest-assured\rest-assured\4.4.0\rest-assured-4.4.0.jar;C:\Users\sveta\.m2\repository\org\codehaus\groovy\groovy\3.0.8\groovy-3.0.8.jar;C:\Users\sveta\.m2\repository\org\codehaus\groovy\groovy-xml\3.0.8\groovy-xml-3.0.8.jar;C:\Users\sveta\.m2\repository\org\apache\httpcomponents\httpclient\4.5.13\httpclient-4.5.13.jar;C:\Users\sveta\.m2\repository\org\apache\httpcomponents\httpcore\4.4.13\httpcore-4.4.13.jar;C:\Users\sveta\.m2\repository\commons-logging\commons-logging\1.2\commons-logging-1.2.jar;C:\Users\sveta\.m2\repository\commons-codec\commons-codec\1.11\commons-codec-1.11.jar;C:\Users\sveta\.m2\repository\org\apache\httpcomponents\httpmime\4.5.13\httpmime-4.5.13.jar;C:\Users\sveta\.m2\repository\org\hamcrest\hamcrest\2.1\hamcrest-2.1.jar;C:\Users\sveta\.m2\repository\org\ccil\cowan\tagsoup\tagsoup\1.2.1\tagsoup-1.2.1.jar;C:\Users\sveta\.m2\repository\io\rest-assured\json-path\4.4.0\json-path-4.4.0.jar;C:\Users\sveta\.m2\repository\org\codehaus\groovy\groovy-json\3.0.8\groovy-json-3.0.8.jar;C:\Users\sveta\.m2\repository\io\rest-assured\rest-assured-common\4.4.0\rest-assured-common-4.4.0.jar;C:\Users\sveta\.m2\repository\io\rest-assured\xml-path\4.4.0\xml-path-4.4.0.jar;C:\Users\sveta\.m2\repository\org\apache\commons\commons-lang3\3.11\commons-lang3-3.11.jar;C:\Users\sveta\.m2\repository\jakarta\xml\bind\jakarta.xml.bind-api\2.3.3\jakarta.xml.bind-api-2.3.3.jar;C:\Users\sveta\.m2\repository\jakarta\activation\jakarta.activation-api\1.2.2\jakarta.activation-api-1.2.2.jar;C:\Users\sveta\.m2\repository\com\sun\xml\bind\jaxb-impl\2.3.3\jaxb-impl-2.3.3.jar;C:\Users\sveta\.m2\repository\io\qameta\allure\allure-testng\2.18.1\allure-testng-2.18.1.jar;C:\Users\sveta\.m2\repository\io\qameta\allure\allure-java-commons\2.18.1\allure-java-commons-2.18.1.jar;C:\Users\sveta\.m2\repository\io\qameta\allure\allure-model\2.18.1\allure-model-2.18.1.jar;C:\Users\sveta\.m2\repository\io\qameta\allure\allure-test-filter\2.18.1\allure-test-filter-2.18.1.jar;"/>
    <property name="sun.cpu.endian" value="little"/>
    <property name="user.home" value="C:\Users\sveta"/>
    <property name="user.language" value="ru"/>
    <property name="java.specification.vendor" value="Oracle Corporation"/>
    <property name="java.version.date" value="2024-04-16"/>
    <property name="java.home" value="C:\Program Files\Java\jdk-22"/>
    <property name="file.separator" value="\"/>
    <property name="basedir" value="C:\Users\sveta\IdeaProjects\Aston_Java_TestNG"/>
    <property name="java.vm.compressedOopsMode" value="Zero based"/>
    <property name="line.separator" value="&#10;"/>
    <property name="java.vm.specification.vendor" value="Oracle Corporation"/>
    <property name="java.specification.name" value="Java Platform API Specification"/>
    <property name="surefire.real.class.path" value="C:\Users\sveta\AppData\Local\Temp\surefire3874760456473329605\surefirebooter-20240624234707633_3.jar"/>
    <property name="user.script" value=""/>
    <property name="sun.management.compiler" value="HotSpot 64-Bit Tiered Compilers"/>
    <property name="java.runtime.version" value="22.0.1+8-16"/>
    <property name="user.name" value="sveta"/>
    <property name="stdout.encoding" value="Cp1251"/>
    <property name="path.separator" value=";"/>
    <property name="os.version" value="10.0"/>
    <property name="java.runtime.name" value="Java(TM) SE Runtime Environment"/>
    <property name="file.encoding" value="UTF-8"/>
    <property name="java.vm.name" value="Java HotSpot(TM) 64-Bit Server VM"/>
    <property name="webdriver.chrome.args" value="--disable-logging"/>
    <property name="localRepository" value="C:\Users\sveta\.m2\repository"/>
    <property name="java.vendor.url.bug" value="https://bugreport.java.com/bugreport/"/>
    <property name="java.io.tmpdir" value="C:\Users\sveta\AppData\Local\Temp\"/>
    <property name="java.version" value="22.0.1"/>
    <property name="user.dir" value="C:\Users\sveta\IdeaProjects\Aston_Java_TestNG"/>
    <property name="os.arch" value="amd64"/>
    <property name="java.vm.specification.name" value="Java Virtual Machine Specification"/>
    <property name="sun.os.patch.level" value=""/>
    <property name="native.encoding" value="Cp1251"/>
    <property name="java.library.path" value="C:\Program Files\Java\jdk-22\bin;C:\Windows\Sun\Java\bin;C:\Windows\system32;C:\Windows;C:\Program Files\Common Files\Oracle\Java\javapath;C:\Program Files (x86)\Common Files\Oracle\Java\java8path;C:\Program Files (x86)\Common Files\Oracle\Java\javapath;C:\app\sveta\product\18.0.0\dbhomeXE\bin;C:\Windows\system32;C:\Windows;C:\Windows\System32\Wbem;C:\Windows\System32\WindowsPowerShell\v1.0\;C:\Windows\System32\OpenSSH\;C:\Program Files\Git\cmd;C:\Users\sveta\AppData\Local\Programs\Python\Python312\Scripts\;C:\Users\sveta\AppData\Local\Programs\Python\Python312\;C:\Users\sveta\AppData\Local\Programs\Python\Launcher\;C:\Users\sveta\AppData\Local\Microsoft\WindowsApps;C:\Program Files\JetBrains\PyCharm 2024.1.1\bin;;C:\Program Files\JetBrains\IntelliJ IDEA Community Edition 2024.1.2\bin;;C:\Users\sveta\AppData\Local\Programs\Microsoft VS Code\bin;C:\Program Files\allure-2.29.0\bin;C:\Program Files\apache-maven-3.9.8\bin;;."/>
    <property name="java.vm.info" value="mixed mode, sharing"/>
    <property name="stderr.encoding" value="Cp1251"/>
    <property name="java.vendor" value="Oracle Corporation"/>
    <property name="java.vm.version" value="22.0.1+8-16"/>
    <property name="sun.io.unicode.encoding" value="UnicodeLittle"/>
    <property name="java.class.version" value="66.0"/>
  </properties>
  <testcase name="testFactorialOfFive" classname="FactorialTest" time="0.072"/>
  <testcase name="testFactorialOfNegativeNumber" classname="FactorialTest" time="0.004"/>
  <testcase name="testFactorialOfOne" classname="FactorialTest" time="0.003"/>
  <testcase name="testFactorialOfZero" classname="FactorialTest" time="0.009"/>
  <testcase name="testCheckBlockName" classname="MtsByTest" time="0.122">
    <system-err><![CDATA[ChromeDriver was started successfully.
июн. 24, 2024 11:47:09 PM org.openqa.selenium.remote.ProtocolHandshake createSession
INFO: Detected dialect: W3C
]]></system-err>
  </testcase>
  <testcase name="testCheckForPaymentSystemLogos" classname="MtsByTest" time="0.984"/>
  <testcase name="testCheckLink" classname="MtsByTest" time="0.893"/>
  <testcase name="testCheckTheButtonOperation" classname="MtsByTest" time="4.013"/>
  <testcase name="whenCreateBar_thenStatus200" classname="PostmanEchoTest" time="3.536">
    <system-out><![CDATA[{
    "args": {
        
    },
    "data": {
        "foo1": "bar1",
        "foo2": "bar2"
    },
    "files": {
        
    },
    "form": {
        
    },
    "headers": {
        "host": "postman-echo.com",
        "x-request-start": "t=1719262040.791",
        "content-length": "30",
        "x-forwarded-proto": "https",
        "x-forwarded-port": "443",
        "x-amzn-trace-id": "Root=1-6679db58-2d99db7811d466ce5981d3da",
        "accept": "*/*",
        "content-type": "application/json",
        "user-agent": "Apache-HttpClient/4.5.13 (Java/22.0.1)",
        "accept-encoding": "gzip,deflate"
    },
    "json": {
        "foo1": "bar1",
        "foo2": "bar2"
    },
    "url": "https://postman-echo.com/post"
}
]]></system-out>
  </testcase>
  <testcase name="whenCreateValue_thenStatus200" classname="PostmanEchoTest" time="0.771">
    <system-out><![CDATA[{
    "args": {
        
    },
    "data": {
        "test": "value"
    },
    "files": {
        
    },
    "form": {
        
    },
    "headers": {
        "host": "postman-echo.com",
        "x-request-start": "t=1719262042.428",
        "content-length": "16",
        "x-forwarded-proto": "https",
        "x-forwarded-port": "443",
        "x-amzn-trace-id": "Root=1-6679db5a-4433888e7f187f2001842f52",
        "accept": "*/*",
        "content-type": "application/json",
        "user-agent": "Apache-HttpClient/4.5.13 (Java/22.0.1)",
        "accept-encoding": "gzip,deflate"
    },
    "json": {
        "test": "value"
    },
    "url": "https://postman-echo.com/post"
}
]]></system-out>
  </testcase>
  <testcase name="whenDeleteRequestBody_thenStatus200" classname="PostmanEchoTest" time="0.794">
    <system-out><![CDATA[{
    "args": {
        
    },
    "data": "This is expected to be sent back as part of response body.",
    "files": {
        
    },
    "form": {
        
    },
    "headers": {
        "host": "postman-echo.com",
        "x-request-start": "t=1719262043.229",
        "content-length": "58",
        "x-forwarded-proto": "https",
        "x-forwarded-port": "443",
        "x-amzn-trace-id": "Root=1-6679db5b-46046ba67e53a6d748988fa2",
        "accept": "*/*",
        "content-type": "text/plain; charset=ISO-8859-1",
        "user-agent": "Apache-HttpClient/4.5.13 (Java/22.0.1)",
        "accept-encoding": "gzip,deflate"
    },
    "json": null,
    "url": "https://postman-echo.com/delete"
}
]]></system-out>
  </testcase>
  <testcase name="whenGet_thenStatus200" classname="PostmanEchoTest" time="0.755">
    <system-out><![CDATA[{
    "args": {
        
    },
    "headers": {
        "host": "postman-echo.com",
        "x-request-start": "t=1719262043.956",
        "x-forwarded-proto": "https",
        "x-forwarded-port": "443",
        "x-amzn-trace-id": "Root=1-6679db5b-78598dea5ac0bbd637dc760b",
        "accept": "*/*",
        "user-agent": "Apache-HttpClient/4.5.13 (Java/22.0.1)",
        "accept-encoding": "gzip,deflate"
    },
    "url": "https://postman-echo.com/get"
}
]]></system-out>
  </testcase>
  <testcase name="whenPatchRequestBody_thenStatus200" classname="PostmanEchoTest" time="0.764">
    <system-out><![CDATA[{
    "args": {
        
    },
    "data": "This is expected to be sent back as part of response body.",
    "files": {
        
    },
    "form": {
        
    },
    "headers": {
        "host": "postman-echo.com",
        "x-request-start": "t=1719262044.752",
        "content-length": "58",
        "x-forwarded-proto": "https",
        "x-forwarded-port": "443",
        "x-amzn-trace-id": "Root=1-6679db5c-0d72d8af5a26298a7ad14fcf",
        "accept": "*/*",
        "content-type": "text/plain; charset=ISO-8859-1",
        "user-agent": "Apache-HttpClient/4.5.13 (Java/22.0.1)",
        "accept-encoding": "gzip,deflate"
    },
    "json": null,
    "url": "https://postman-echo.com/patch"
}
]]></system-out>
  </testcase>
  <testcase name="whenPutRequestBody_thenStatus200" classname="PostmanEchoTest" time="0.737">
    <system-out><![CDATA[{
    "args": {
        
    },
    "data": "This is expected to be sent back as part of response body.",
    "files": {
        
    },
    "form": {
        
    },
    "headers": {
        "host": "postman-echo.com",
        "x-request-start": "t=1719262045.499",
        "content-length": "58",
        "x-forwarded-proto": "https",
        "x-forwarded-port": "443",
        "x-amzn-trace-id": "Root=1-6679db5d-1cdd5efd1c367ab049ac2744",
        "accept": "*/*",
        "content-type": "text/plain; charset=ISO-8859-1",
        "user-agent": "Apache-HttpClient/4.5.13 (Java/22.0.1)",
        "accept-encoding": "gzip,deflate"
    },
    "json": null,
    "url": "https://postman-echo.com/put"
}
]]></system-out>
  </testcase>
  <testcase name="testCheckTheButtonOperation" classname="Task_L16.FormOfPaymentTest" time="4.378">
    <system-err><![CDATA[ChromeDriver was started successfully.
июн. 24, 2024 11:47:25 PM org.openqa.selenium.remote.ProtocolHandshake createSession
INFO: Detected dialect: W3C
]]></system-err>
  </testcase>
  <testcase name="testCheckFieldPlaceholdersForArrears[score-arrears, Номер счета на 2073](1)" classname="Task_L16.PayFormTest" time="1.46">
    <system-err><![CDATA[ChromeDriver was started successfully.
июн. 24, 2024 11:47:32 PM org.openqa.selenium.remote.ProtocolHandshake createSession
INFO: Detected dialect: W3C
]]></system-err>
  </testcase>
  <testcase name="testCheckFieldPlaceholdersForArrears[arrears-sum, Сумма](2)" classname="Task_L16.PayFormTest" time="1.482">
    <system-err><![CDATA[ChromeDriver was started successfully.
июн. 24, 2024 11:47:36 PM org.openqa.selenium.remote.ProtocolHandshake createSession
INFO: Detected dialect: W3C
]]></system-err>
  </testcase>
  <testcase name="testCheckFieldPlaceholdersForArrears[arrears-email, E-mail для отправки чека](3)" classname="Task_L16.PayFormTest" time="1.517">
    <system-err><![CDATA[ChromeDriver was started successfully.
июн. 24, 2024 11:47:39 PM org.openqa.selenium.remote.ProtocolHandshake createSession
INFO: Detected dialect: W3C
]]></system-err>
  </testcase>
  <testcase name="testCheckFieldPlaceholdersForCommunicationServices[connection-phone, Номер телефона](1)" classname="Task_L16.PayFormTest" time="1.242">
    <system-err><![CDATA[ChromeDriver was started successfully.
июн. 24, 2024 11:47:43 PM org.openqa.selenium.remote.ProtocolHandshake createSession
INFO: Detected dialect: W3C
]]></system-err>
  </testcase>
  <testcase name="testCheckFieldPlaceholdersForCommunicationServices[connection-sum, Сумма](2)" classname="Task_L16.PayFormTest" time="1.444">
    <system-err><![CDATA[ChromeDriver was started successfully.
июн. 24, 2024 11:47:48 PM org.openqa.selenium.remote.ProtocolHandshake createSession
INFO: Detected dialect: W3C
]]></system-err>
  </testcase>
  <testcase name="testCheckFieldPlaceholdersForCommunicationServices[connection-email, E-mail для отправки чека](3)" classname="Task_L16.PayFormTest" time="1.238">
    <system-err><![CDATA[ChromeDriver was started successfully.
июн. 24, 2024 11:47:51 PM org.openqa.selenium.remote.ProtocolHandshake createSession
INFO: Detected dialect: W3C
]]></system-err>
  </testcase>
  <testcase name="testCheckFieldPlaceholdersForHomeInternet[internet-phone, Номер абонента](1)" classname="Task_L16.PayFormTest" time="1.474">
    <system-err><![CDATA[ChromeDriver was started successfully.
июн. 24, 2024 11:47:56 PM org.openqa.selenium.remote.ProtocolHandshake createSession
INFO: Detected dialect: W3C
]]></system-err>
  </testcase>
  <testcase name="testCheckFieldPlaceholdersForHomeInternet[internet-sum, Сумма](2)" classname="Task_L16.PayFormTest" time="1.368">
    <system-err><![CDATA[ChromeDriver was started successfully.
июн. 24, 2024 11:48:00 PM org.openqa.selenium.remote.ProtocolHandshake createSession
INFO: Detected dialect: W3C
]]></system-err>
  </testcase>
  <testcase name="testCheckFieldPlaceholdersForHomeInternet[internet-email, E-mail для отправки чека](3)" classname="Task_L16.PayFormTest" time="1.198">
    <system-err><![CDATA[ChromeDriver was started successfully.
июн. 24, 2024 11:48:03 PM org.openqa.selenium.remote.ProtocolHandshake createSession
INFO: Detected dialect: W3C
]]></system-err>
  </testcase>
  <testcase name="testCheckFieldPlaceholdersForInstallment[score-instalment, Номер счета на 44](1)" classname="Task_L16.PayFormTest" time="1.541">
    <system-err><![CDATA[ChromeDriver was started successfully.
июн. 24, 2024 11:48:07 PM org.openqa.selenium.remote.ProtocolHandshake createSession
INFO: Detected dialect: W3C
]]></system-err>
  </testcase>
  <testcase name="testCheckFieldPlaceholdersForInstallment[instalment-sum, Сумма](2)" classname="Task_L16.PayFormTest" time="1.538">
    <system-err><![CDATA[ChromeDriver was started successfully.
июн. 24, 2024 11:48:10 PM org.openqa.selenium.remote.ProtocolHandshake createSession
INFO: Detected dialect: W3C
]]></system-err>
  </testcase>
  <testcase name="testCheckFieldPlaceholdersForInstallment[instalment-email, E-mail для отправки чека](3)" classname="Task_L16.PayFormTest" time="1.195">
    <system-err><![CDATA[ChromeDriver was started successfully.
июн. 24, 2024 11:48:14 PM org.openqa.selenium.remote.ProtocolHandshake createSession
INFO: Detected dialect: W3C
]]></system-err>
  </testcase>
</testsuite>