<?xml version="1.0" encoding="UTF-8"?>
<!-- Generated by org.testng.reporters.JUnitReportReporter -->
<testsuite hostname="DESKTOP-5U1QHH6" failures="0" tests="6" name="PostmanEchoTest" time="7.342" errors="0" timestamp="2024-06-24T23:48:18 MSK" skipped="0">
  <testcase classname="PostmanEchoTest" name="whenCreateValue_thenStatus200" time="0.765"/>
  <testcase classname="PostmanEchoTest" name="whenGet_thenStatus200" time="0.747"/>
  <testcase classname="PostmanEchoTest" name="whenCreateBar_thenStatus200" time="3.535"/>
  <testcase classname="PostmanEchoTest" name="whenPutRequestBody_thenStatus200" time="0.736"/>
  <testcase classname="PostmanEchoTest" name="whenPatchRequestBody_thenStatus200" time="0.767"/>
  <testcase classname="PostmanEchoTest" name="whenDeleteRequestBody_thenStatus200" time="0.792"/>
</testsuite> <!-- PostmanEchoTest -->
