<?xml version="1.0" encoding="UTF-8"?>
<!-- Generated by org.testng.reporters.JUnitReportReporter -->
<testsuite hostname="DESKTOP-5U1QHH6" failures="0" tests="4" name="FactorialTest" time="0.036" errors="0" timestamp="2024-06-24T23:48:18 MSK" skipped="0">
  <testcase classname="FactorialTest" name="testFactorialOfFive" time="0.029"/>
  <testcase classname="FactorialTest" name="testFactorialOfOne" time="0.002"/>
  <testcase classname="FactorialTest" name="testFactorialOfZero" time="0.002"/>
  <testcase classname="FactorialTest" name="testFactorialOfNegativeNumber" time="0.003"/>
</testsuite> <!-- FactorialTest -->
