<?xml version="1.0" encoding="UTF-8"?>
<!-- Generated by org.testng.reporters.JUnitReportReporter -->
<testsuite hostname="DESKTOP-5U1QHH6" failures="0" tests="4" name="MtsByTest" time="6.004" errors="0" timestamp="2024-06-24T23:48:18 MSK" skipped="0">
  <testcase classname="MtsByTest" name="testCheckLink" time="0.891"/>
  <testcase classname="MtsByTest" name="testCheckBlockName" time="0.120"/>
  <testcase classname="MtsByTest" name="testCheckTheButtonOperation" time="4.011"/>
  <testcase classname="MtsByTest" name="testCheckForPaymentSystemLogos" time="0.982"/>
</testsuite> <!-- MtsByTest -->
