<?xml version="1.0" encoding="UTF-8"?>
<!-- Generated by org.testng.reporters.JUnitReportReporter -->
<testsuite hostname="DESKTOP-5U1QHH6" failures="0" tests="1" name="Task_L16.FormOfPaymentTest" time="4.377" errors="0" timestamp="2024-06-24T23:48:18 MSK" skipped="0">
  <testcase classname="Task_L16.FormOfPaymentTest" name="testCheckTheButtonOperation" time="4.377"/>
</testsuite> <!-- Task_L16.FormOfPaymentTest -->
