<?xml version="1.0" encoding="UTF-8"?>
<!-- Generated by org.testng.reporters.JUnitReportReporter -->
<testsuite hostname="DESKTOP-5U1QHH6" failures="0" tests="12" name="Task_L16.PayFormTest" time="46.453" errors="0" timestamp="2024-06-24T23:48:18 MSK" skipped="0">
  <testcase classname="Task_L16.PayFormTest" name="testCheckFieldPlaceholdersForInstallment" time="3.794"/>
  <testcase classname="Task_L16.PayFormTest" name="testCheckFieldPlaceholdersForCommunicationServices" time="3.682"/>
  <testcase classname="Task_L16.PayFormTest" name="testCheckFieldPlaceholdersForHomeInternet" time="3.431"/>
  <testcase classname="Task_L16.PayFormTest" name="testCheckFieldPlaceholdersForCommunicationServices" time="4.371"/>
  <testcase classname="Task_L16.PayFormTest" name="testCheckFieldPlaceholdersForCommunicationServices" time="3.487"/>
  <testcase classname="Task_L16.PayFormTest" name="testCheckFieldPlaceholdersForArrears" time="4.681"/>
  <testcase classname="Task_L16.PayFormTest" name="testCheckFieldPlaceholdersForArrears" time="3.822"/>
  <testcase classname="Task_L16.PayFormTest" name="testCheckFieldPlaceholdersForHomeInternet" time="3.659"/>
  <testcase classname="Task_L16.PayFormTest" name="testCheckFieldPlaceholdersForHomeInternet" time="3.627"/>
  <testcase classname="Task_L16.PayFormTest" name="testCheckFieldPlaceholdersForInstallment" time="3.847"/>
  <testcase classname="Task_L16.PayFormTest" name="testCheckFieldPlaceholdersForInstallment" time="4.291"/>
  <testcase classname="Task_L16.PayFormTest" name="testCheckFieldPlaceholdersForArrears" time="3.761"/>
</testsuite> <!-- Task_L16.PayFormTest -->
